<?xml version="1.0" encoding="UTF-8"?>
<!-- Generated by org.testng.reporters.JUnitReportReporter -->
<testsuite hostname="IN-AMishra" name="com.test.AutomateInsta" tests="1" failures="0" timestamp="25 Jan 2018 18:00:35 GMT" time="299.298" errors="0">
  <testcase name="test" time="299.298" classname="com.test.AutomateInsta"/>
</testsuite> <!-- com.test.AutomateInsta -->
